<?xml version="1.0" encoding="UTF-8"?>
<!-- Generated by org.testng.reporters.JUnitXMLReporter -->
<testsuite ignored="0" hostname="DESKTOP-MILGGOO" failures="0" tests="5" name="Test" time="104.592" errors="0" timestamp="2024-02-05T11:21:15 IST">
  <testcase classname="BajajFin.tests.PractisePage" name="Link" time="8.771"/>
  <testcase classname="BajajFin.tests.PractisePage" name="Button" time="2.43"/>
  <testcase classname="BajajFin.tests.PractisePage" name="DropDowns" time="0.462"/>
  <testcase classname="BajajFin.tests.PractisePage" name="SwitchWindow" time="0.174"/>
  <testcase classname="BajajFin.tests.PractisePage" name="MouseHover" time="2.026"/>
</testsuite> <!-- Test -->
